[2026-07-12 10:17:42.003] 加载配置: 16 个分类
[2026-07-12 10:17:42.583] 批量缓存图标: 0 个
[2026-07-12 10:17:44.590] === 开始检查更新 ===
[2026-07-12 10:17:44.591] 当前版本: 1.1.0
[2026-07-12 10:17:44.591] 正在获取最新 Release...
[2026-07-12 10:17:44.593] 请求 URL: https://api.github.com/repos/Foxelf-Studio/AngkleChen-ToolBox/releases?per_page=1
[2026-07-12 10:17:44.593] 发送 HTTP 请求...
[2026-07-12 10:17:45.298] HTTP 响应状态: OK
[2026-07-12 10:17:45.298] 读取响应内容...
[2026-07-12 10:17:45.299] 响应内容长度: 5099 字节
[2026-07-12 10:17:45.300] 解析 JSON...
[2026-07-12 10:17:45.308] 解析成功，共 1 个 Release
[2026-07-12 10:17:45.310] 获取到 Release: tag=v1.2.0, name=v1.2.0 - 更新测试
[2026-07-12 10:17:45.312] 最新版本: 1.2.0
[2026-07-12 10:17:45.312] 版本比较结果: -1 (当前=1.1.0, 最新=1.2.0)
[2026-07-12 10:17:45.312] 发现新版本！
[2026-07-12 10:17:45.313] === 检查更新完成: HasUpdate=True ===
[2026-07-12 10:18:01.254] === 开始删除工具: PCR532 读卡器 ===
[2026-07-12 10:18:01.255] 工具路径: E:\陈叔叔工具箱\工具\实用工具\pcr532\PN532CardReader.exe
[2026-07-12 10:18:01.255] 从配置中删除...
[2026-07-12 10:18:01.264] 保存配置: 16 个分类
[2026-07-12 10:18:01.264] 删除图标缓存: 工具\实用工具\pcr532\PN532CardReader.exe
[2026-07-12 10:18:01.265] 删除工具: PCR532 读卡器
[2026-07-12 10:18:01.265] 配置删除结果: True
[2026-07-12 10:18:01.265] 删除文件所在目录: E:\陈叔叔工具箱\工具\实用工具\pcr532
[2026-07-12 10:18:01.295] 目录已删除: E:\陈叔叔工具箱\工具\实用工具\pcr532
[2026-07-12 10:18:01.295] 重新加载配置...
[2026-07-12 10:18:01.302] 重新加载完成, 工具总数: 87
[2026-07-12 10:18:01.305] === 删除工具完成: PCR532 读卡器 ===
[2026-07-12 10:18:01.306] 删除工具: PCR532 读卡器, 路径: E:\陈叔叔工具箱\工具\实用工具\pcr532\PN532CardReader.exe
[2026-07-12 10:18:07.730] === 开始删除工具: MicrosoftEdgeSetup ===
[2026-07-12 10:18:07.731] 工具路径: E:\陈叔叔工具箱\工具\实用工具\MicrosoftEdgeSetup.exe
[2026-07-12 10:18:07.731] 从配置中删除...
[2026-07-12 10:18:07.735] 保存配置: 16 个分类
[2026-07-12 10:18:07.736] 删除图标缓存: 工具\实用工具\MicrosoftEdgeSetup.exe
[2026-07-12 10:18:07.736] 删除工具: MicrosoftEdgeSetup
[2026-07-12 10:18:07.736] 配置删除结果: True
[2026-07-12 10:18:07.737] 删除文件所在目录: E:\陈叔叔工具箱\工具\实用工具
[2026-07-12 10:18:08.160] 目录已删除: E:\陈叔叔工具箱\工具\实用工具
[2026-07-12 10:18:08.160] 重新加载配置...
[2026-07-12 10:18:08.165] 重新加载完成, 工具总数: 86
[2026-07-12 10:18:08.168] === 删除工具完成: MicrosoftEdgeSetup ===
[2026-07-12 10:18:08.169] 删除工具: MicrosoftEdgeSetup, 路径: E:\陈叔叔工具箱\工具\实用工具\MicrosoftEdgeSetup.exe
